<?xml version="1.0" encoding="UTF-8"?>
<!-- Generated by org.testng.reporters.JUnitReportReporter -->
<testsuite skipped="1" hostname="DESKTOP-9SUSLU9" name="com.Vtiger.Test.TestOrganizationDisplayed" tests="2" failures="0" timestamp="12 Nov 2019 11:21:27 GMT" time="0.016" errors="1">
  <testcase name="testOrganizationDisplayed" time="0.016" classname="com.Vtiger.Test.TestOrganizationDisplayed">
    <skipped/>
  </testcase> <!-- testOrganizationDisplayed -->
  <testcase name="openApp" time="0.000" classname="com.Vtiger.Test.TestOrganizationDisplayed">
    <error type="org.openqa.selenium.WebDriverException" message="unknown error: unable to discover open pages
Build info: version: &#039;3.141.59&#039;, revision: &#039;e82be7d358&#039;, time: &#039;2018-11-14T08:25:53&#039;
System info: host: &#039;DESKTOP-9SUSLU9&#039;, ip: &#039;127.0.0.1&#039;, os.name: &#039;Windows 10&#039;, os.arch: &#039;amd64&#039;, os.version: &#039;10.0&#039;, java.version: &#039;1.8.0_181&#039;
Driver info: driver.version: ChromeDriver
remote stacktrace: Backtrace:
	Ordinal0 [0x003FEB13+1501971]
	Ordinal0 [0x0037F6D1+980689]
	Ordinal0 [0x0030765F+489055]
	Ordinal0 [0x0029F254+62036]
	Ordinal0 [0x0029BCDA+48346]
	Ordinal0 [0x002B9800+169984]
	Ordinal0 [0x002B942D+169005]
	Ordinal0 [0x002B78EB+162027]
	Ordinal0 [0x002A0AC7+68295]
	Ordinal0 [0x002A1B40+72512]
	Ordinal0 [0x002A1AD9+72409]
	Ordinal0 [0x00398F37+1085239]
	GetHandleVerifier [0x0049D7ED+503293]
	GetHandleVerifier [0x0049D580+502672]
	GetHandleVerifier [0x004A46AC+531644]
	GetHandleVerifier [0x0049DFFA+505354]
	Ordinal0 [0x00390606+1050118]
	Ordinal0 [0x0039047F+1049727]
	Ordinal0 [0x0039AF9B+1093531]
	Ordinal0 [0x0039B103+1093891]
	Ordinal0 [0x0039A095+1089685]
	BaseThreadInitThunk [0x769F3744+36]
	RtlSetCurrentTransaction [0x77CAA064+212]
	RtlSetCurrentTransaction [0x77CAA02F+159]
	(No symbol) [0x00000000]
">
      <![CDATA[org.openqa.selenium.WebDriverException: unknown error: unable to discover open pages
Build info: version: '3.141.59', revision: 'e82be7d358', time: '2018-11-14T08:25:53'
System info: host: 'DESKTOP-9SUSLU9', ip: '127.0.0.1', os.name: 'Windows 10', os.arch: 'amd64', os.version: '10.0', java.version: '1.8.0_181'
Driver info: driver.version: ChromeDriver
remote stacktrace: Backtrace:
	Ordinal0 [0x003FEB13+1501971]
	Ordinal0 [0x0037F6D1+980689]
	Ordinal0 [0x0030765F+489055]
	Ordinal0 [0x0029F254+62036]
	Ordinal0 [0x0029BCDA+48346]
	Ordinal0 [0x002B9800+169984]
	Ordinal0 [0x002B942D+169005]
	Ordinal0 [0x002B78EB+162027]
	Ordinal0 [0x002A0AC7+68295]
	Ordinal0 [0x002A1B40+72512]
	Ordinal0 [0x002A1AD9+72409]
	Ordinal0 [0x00398F37+1085239]
	GetHandleVerifier [0x0049D7ED+503293]
	GetHandleVerifier [0x0049D580+502672]
	GetHandleVerifier [0x004A46AC+531644]
	GetHandleVerifier [0x0049DFFA+505354]
	Ordinal0 [0x00390606+1050118]
	Ordinal0 [0x0039047F+1049727]
	Ordinal0 [0x0039AF9B+1093531]
	Ordinal0 [0x0039B103+1093891]
	Ordinal0 [0x0039A095+1089685]
	BaseThreadInitThunk [0x769F3744+36]
	RtlSetCurrentTransaction [0x77CAA064+212]
	RtlSetCurrentTransaction [0x77CAA02F+159]
	(No symbol) [0x00000000]

	at sun.reflect.NativeConstructorAccessorImpl.newInstance0(Native Method)
	at sun.reflect.NativeConstructorAccessorImpl.newInstance(Unknown Source)
	at sun.reflect.DelegatingConstructorAccessorImpl.newInstance(Unknown Source)
	at java.lang.reflect.Constructor.newInstance(Unknown Source)
	at org.openqa.selenium.remote.W3CHandshakeResponse.lambda$errorHandler$0(W3CHandshakeResponse.java:62)
	at org.openqa.selenium.remote.HandshakeResponse.lambda$getResponseFunction$0(HandshakeResponse.java:30)
	at org.openqa.selenium.remote.ProtocolHandshake.lambda$createSession$0(ProtocolHandshake.java:126)
	at java.util.stream.ReferencePipeline$3$1.accept(Unknown Source)
	at java.util.Spliterators$ArraySpliterator.tryAdvance(Unknown Source)
	at java.util.stream.ReferencePipeline.forEachWithCancel(Unknown Source)
	at java.util.stream.AbstractPipeline.copyIntoWithCancel(Unknown Source)
	at java.util.stream.AbstractPipeline.copyInto(Unknown Source)
	at java.util.stream.AbstractPipeline.wrapAndCopyInto(Unknown Source)
	at java.util.stream.FindOps$FindOp.evaluateSequential(Unknown Source)
	at java.util.stream.AbstractPipeline.evaluate(Unknown Source)
	at java.util.stream.ReferencePipeline.findFirst(Unknown Source)
	at org.openqa.selenium.remote.ProtocolHandshake.createSession(ProtocolHandshake.java:128)
	at org.openqa.selenium.remote.ProtocolHandshake.createSession(ProtocolHandshake.java:74)
	at org.openqa.selenium.remote.HttpCommandExecutor.execute(HttpCommandExecutor.java:136)
	at org.openqa.selenium.remote.service.DriverCommandExecutor.execute(DriverCommandExecutor.java:83)
	at org.openqa.selenium.remote.RemoteWebDriver.execute(RemoteWebDriver.java:552)
	at org.openqa.selenium.remote.RemoteWebDriver.startSession(RemoteWebDriver.java:213)
	at org.openqa.selenium.remote.RemoteWebDriver.<init>(RemoteWebDriver.java:131)
	at org.openqa.selenium.chrome.ChromeDriver.<init>(ChromeDriver.java:181)
	at org.openqa.selenium.chrome.ChromeDriver.<init>(ChromeDriver.java:168)
	at org.openqa.selenium.chrome.ChromeDriver.<init>(ChromeDriver.java:123)
	at com.Vtiger.Generic.BaseTest.openApp(BaseTest.java:51)
	at sun.reflect.NativeMethodAccessorImpl.invoke0(Native Method)
	at sun.reflect.NativeMethodAccessorImpl.invoke(Unknown Source)
	at sun.reflect.DelegatingMethodAccessorImpl.invoke(Unknown Source)
	at java.lang.reflect.Method.invoke(Unknown Source)
	at org.testng.internal.MethodInvocationHelper.invokeMethod(MethodInvocationHelper.java:100)
	at org.testng.internal.Invoker.invokeConfigurationMethod(Invoker.java:515)
	at org.testng.internal.Invoker.invokeConfigurations(Invoker.java:216)
	at org.testng.internal.Invoker.invokeMethod(Invoker.java:590)
	at org.testng.internal.Invoker.invokeTestMethod(Invoker.java:811)
	at org.testng.internal.Invoker.invokeTestMethods(Invoker.java:1137)
	at org.testng.internal.TestMethodWorker.invokeTestMethods(TestMethodWorker.java:129)
	at org.testng.internal.TestMethodWorker.run(TestMethodWorker.java:112)
	at org.testng.TestRunner.privateRun(TestRunner.java:753)
	at org.testng.TestRunner.run(TestRunner.java:607)
	at org.testng.SuiteRunner.runTest(SuiteRunner.java:368)
	at org.testng.SuiteRunner.runSequentially(SuiteRunner.java:363)
	at org.testng.SuiteRunner.privateRun(SuiteRunner.java:321)
	at org.testng.SuiteRunner.run(SuiteRunner.java:270)
	at org.testng.SuiteRunnerWorker.runSuite(SuiteRunnerWorker.java:52)
	at org.testng.SuiteRunnerWorker.run(SuiteRunnerWorker.java:86)
	at org.testng.TestNG.runSuitesSequentially(TestNG.java:1284)
	at org.testng.TestNG.runSuitesLocally(TestNG.java:1209)
	at org.testng.TestNG.runSuites(TestNG.java:1124)
	at org.testng.TestNG.run(TestNG.java:1096)
	at org.testng.remote.AbstractRemoteTestNG.run(AbstractRemoteTestNG.java:132)
	at org.testng.remote.RemoteTestNG.initAndRun(RemoteTestNG.java:236)
	at org.testng.remote.RemoteTestNG.main(RemoteTestNG.java:81)
]]>
    </error>
  </testcase> <!-- openApp -->
</testsuite> <!-- com.Vtiger.Test.TestOrganizationDisplayed -->
